<?xml version="1.0" encoding="UTF-8"?>
<!-- Generated by org.testng.reporters.JUnitXMLReporter -->
<testsuite ignored="0" hostname="LAPTOP-HSPQSV91" failures="0" tests="3" name="Chrome Test" time="91.942" errors="0" timestamp="28 Aug 2018 13:49:27 GMT">
  <testcase classname="Com.HelloFresh.CheckOutTest" name="setUp" time="53.341"/>
  <testcase classname="Com.HelloFresh.CheckOutTest" name="CheckoutTest" time="38.057"/>
  <testcase classname="Com.HelloFresh.CheckOutTest" name="closeApplication" time="0.448"/>
</testsuite> <!-- Chrome Test -->
