<?xml version="1.0" encoding="UTF-8"?>
<!-- Generated by org.testng.reporters.JUnitXMLReporter -->
<testsuite ignored="0" hostname="LAPTOP-HSPQSV91" failures="1" tests="3" name="IE Test" time="241.781" errors="0" timestamp="28 Aug 2018 22:29:46 GMT">
  <testcase classname="Com.HelloFresh.ScreenshotTest" name="setUp" time="32.72"/>
  <testcase classname="Com.HelloFresh.ScreenshotTest" name="logInTest" time="205.717">
    <failure type="java.lang.AssertionError" message="MY ACCOUNT">
      <![CDATA[java.lang.AssertionError: MY ACCOUNT
at Com.HelloFresh.ScreenshotTest.logInTest(ScreenshotTest.java:66)
at java.base/java.util.concurrent.ThreadPoolExecutor.runWorker(ThreadPoolExecutor.java:1135)
at java.base/java.util.concurrent.ThreadPoolExecutor$Worker.run(ThreadPoolExecutor.java:635)
at java.base/java.lang.Thread.run(Thread.java:844)
... Removed 11 stack frames]]>
    </failure>
  </testcase> <!-- logInTest -->
  <testcase classname="Com.HelloFresh.ScreenshotTest" name="LogOut" time="3.295"/>
</testsuite> <!-- IE Test -->
