<?xml version="1.0" encoding="UTF-8"?>
<!-- Generated by org.testng.reporters.JUnitXMLReporter -->
<testsuite ignored="0" hostname="LAPTOP-HSPQSV91" failures="0" tests="3" name="Default test" time="74.275" errors="0" timestamp="28 Aug 2018 21:03:53 GMT">
  <testcase classname="Com.HelloFresh.ReadDataFromFile" name="setUp" time="23.305"/>
  <testcase classname="Com.HelloFresh.ReadDataFromFile" name="CheckoutTest" time="9.711"/>
  <testcase classname="Com.HelloFresh.ReadDataFromFile" name="GetDataFromExcel" time="41.216"/>
</testsuite> <!-- Default test -->
