<?xml version="1.0" encoding="UTF-8"?>
<!-- Generated by org.testng.reporters.JUnitXMLReporter -->
<testsuite ignored="0" hostname="LAPTOP-HSPQSV91" failures="1" tests="1" name="IE Test" time="0.039" errors="0" timestamp="28 Aug 2018 19:49:39 GMT">
  <testcase classname="Com.HelloFresh.ReadDataFromFile" name="GetData" time="0.01">
    <failure type="java.lang.Error" message="Unresolved compilation problem: 
	Syntax error, insert &amp;quot;)&amp;quot; to complete Expression
">
      <![CDATA[java.lang.Error: Unresolved compilation problem: 
Syntax error, insert ")" to complete Expression

at Com.HelloFresh.ReadDataFromFile.GetData(ReadDataFromFile.java:79)
... Removed 25 stack frames]]>
    </failure>
  </testcase> <!-- GetData -->
</testsuite> <!-- IE Test -->
