<?xml version="1.0" encoding="UTF-8"?>
<testsuite xmlns:xsi="http://www.w3.org/2001/XMLSchema-instance" xsi:noNamespaceSchemaLocation="https://maven.apache.org/surefire/maven-surefire-plugin/xsd/surefire-test-report.xsd" name="TestSuite" time="8.53" tests="5" errors="0" skipped="0" failures="0">
  <properties>
[...]
</properties>
  <testcase name="testpresenceofUSDEGB" classname="Com.HelloFresh.RestAPIHelloFresh" time="5.014"/>
  <testcase name="testUSA" classname="Com.HelloFresh.RestAPIHelloFresh" time="0.466"/>
  <testcase name="testDE" classname="Com.HelloFresh.RestAPIHelloFresh" time="0.551"/>
  <testcase name="testGB" classname="Com.HelloFresh.RestAPIHelloFresh" time="0.535"/>
  <testcase name="testForPost" classname="Com.HelloFresh.RestAPIHelloFresh" time="0.66"/>
</testsuite>