<?xml version="1.0" encoding="UTF-8"?>
<testng-results ignored="0" total="5" passed="5" failed="0" skipped="0">
  <reporter-output>
  </reporter-output>
  <suite started-at="2018-09-02T19:14:57Z" name="RestAPITest Suite" finished-at="2018-09-02T19:15:04Z" duration-ms="7248">
    <groups>
    </groups>
    <test started-at="2018-09-02T19:14:57Z" name="API Test" finished-at="2018-09-02T19:15:04Z" duration-ms="7248">
      <class name="Com.HelloFresh.RestAPIHelloFresh">
        <test-method signature="testpresenceofUSDEGB(java.lang.String)[pri:0, instance:Com.HelloFresh.RestAPIHelloFresh@741a8937]" started-at="2018-09-02T19:14:57Z" name="testpresenceofUSDEGB" finished-at="2018-09-02T19:15:02Z" duration-ms="4940" status="PASS">
          <params>
            <param index="0">
              <value>
                <![CDATA[http://services.groupkt.com/country/get/all]]>
              </value>
            </param>
          </params>
          <reporter-output>
          </reporter-output>
        </test-method> <!-- testpresenceofUSDEGB -->
        <test-method signature="testUSA(java.lang.String)[pri:1, instance:Com.HelloFresh.RestAPIHelloFresh@741a8937]" started-at="2018-09-02T19:15:02Z" name="testUSA" finished-at="2018-09-02T19:15:02Z" duration-ms="534" status="PASS">
          <params>
            <param index="0">
              <value>
                <![CDATA[http://services.groupkt.com/country/get/iso2code/US]]>
              </value>
            </param>
          </params>
          <reporter-output>
          </reporter-output>
        </test-method> <!-- testUSA -->
        <test-method signature="testDE(java.lang.String)[pri:2, instance:Com.HelloFresh.RestAPIHelloFresh@741a8937]" started-at="2018-09-02T19:15:02Z" name="testDE" finished-at="2018-09-02T19:15:03Z" duration-ms="546" status="PASS">
          <params>
            <param index="0">
              <value>
                <![CDATA[http://services.groupkt.com/country/get/iso2code/DE]]>
              </value>
            </param>
          </params>
          <reporter-output>
          </reporter-output>
        </test-method> <!-- testDE -->
        <test-method signature="testGB(java.lang.String)[pri:3, instance:Com.HelloFresh.RestAPIHelloFresh@741a8937]" started-at="2018-09-02T19:15:03Z" name="testGB" finished-at="2018-09-02T19:15:04Z" duration-ms="540" status="PASS">
          <params>
            <param index="0">
              <value>
                <![CDATA[http://services.groupkt.com/country/get/iso2code/GB]]>
              </value>
            </param>
          </params>
          <reporter-output>
          </reporter-output>
        </test-method> <!-- testGB -->
        <test-method signature="testForPost(java.lang.String)[pri:5, instance:Com.HelloFresh.RestAPIHelloFresh@741a8937]" started-at="2018-09-02T19:15:04Z" name="testForPost" finished-at="2018-09-02T19:15:04Z" duration-ms="645" status="PASS">
          <params>
            <param index="0">
              <value>
                <![CDATA[http://services.groupkt.com/country/get/all]]>
              </value>
            </param>
          </params>
          <reporter-output>
          </reporter-output>
        </test-method> <!-- testForPost -->
      </class> <!-- Com.HelloFresh.RestAPIHelloFresh -->
    </test> <!-- API Test -->
  </suite> <!-- RestAPITest Suite -->
</testng-results>
