<?xml version="1.0" encoding="UTF-8"?>
<!-- Generated by org.testng.reporters.JUnitXMLReporter -->
<testsuite ignored="0" hostname="LAPTOP-HSPQSV91" failures="0" tests="7" name="API Test" time="7.082" errors="0" timestamp="03 Sep 2018 19:30:08 GMT">
  <testcase classname="Com.HelloFresh.RestAPIHelloFresh" name="testpresenceofUSDEGB" time="3.325"/>
  <testcase classname="Com.HelloFresh.RestAPIHelloFresh" name="testUSA" time="0.522"/>
  <testcase classname="Com.HelloFresh.RestAPIHelloFresh" name="testDE" time="0.554"/>
  <testcase classname="Com.HelloFresh.RestAPIHelloFresh" name="testGB" time="0.576"/>
  <testcase classname="Com.HelloFresh.RestAPIHelloFresh" name="testForPost" time="0.621"/>
  <testcase classname="Com.HelloFresh.RestAPIHelloFresh" name="testCountriesInList" time="0.856"/>
  <testcase classname="Com.HelloFresh.RestAPIHelloFresh" name="testIndia" time="0.54"/>
</testsuite> <!-- API Test -->
