<?xml version="1.0" encoding="UTF-8"?>
<!-- Generated by org.testng.reporters.JUnitXMLReporter -->
<testsuite ignored="0" hostname="LAPTOP-HSPQSV91" failures="0" tests="6" name="API Test" time="16.985" errors="0" timestamp="03 Sep 2018 19:14:45 GMT">
  <testcase classname="Com.HelloFresh.RestAPIHelloFresh" name="testpresenceofUSDEGB" time="13.602"/>
  <testcase classname="Com.HelloFresh.RestAPIHelloFresh" name="testUSA" time="0.621"/>
  <testcase classname="Com.HelloFresh.RestAPIHelloFresh" name="testDE" time="0.562"/>
  <testcase classname="Com.HelloFresh.RestAPIHelloFresh" name="testGB" time="0.573"/>
  <testcase classname="Com.HelloFresh.RestAPIHelloFresh" name="testForPost" time="0.649"/>
  <testcase classname="Com.HelloFresh.RestAPIHelloFresh" name="testCountriesInList" time="0.884"/>
</testsuite> <!-- API Test -->
