<?xml version="1.0" encoding="UTF-8"?>
<testng-results ignored="0" total="6" passed="6" failed="0" skipped="0">
  <reporter-output>
  </reporter-output>
  <suite started-at="2018-09-03T19:14:28Z" name="RestAPITest Suite" finished-at="2018-09-03T19:14:45Z" duration-ms="16985">
    <groups>
    </groups>
    <test started-at="2018-09-03T19:14:28Z" name="API Test" finished-at="2018-09-03T19:14:45Z" duration-ms="16985">
      <class name="Com.HelloFresh.RestAPIHelloFresh">
        <test-method signature="testpresenceofUSDEGB(java.lang.String)[pri:0, instance:Com.HelloFresh.RestAPIHelloFresh@53fe15ff]" started-at="2018-09-03T19:14:28Z" name="testpresenceofUSDEGB" finished-at="2018-09-03T19:14:42Z" duration-ms="13602" status="PASS">
          <params>
            <param index="0">
              <value>
                <![CDATA[http://services.groupkt.com/country/get/all]]>
              </value>
            </param>
          </params>
          <reporter-output>
          </reporter-output>
        </test-method> <!-- testpresenceofUSDEGB -->
        <test-method signature="testUSA(java.lang.String)[pri:1, instance:Com.HelloFresh.RestAPIHelloFresh@53fe15ff]" started-at="2018-09-03T19:14:42Z" name="testUSA" finished-at="2018-09-03T19:14:42Z" duration-ms="621" status="PASS">
          <params>
            <param index="0">
              <value>
                <![CDATA[http://services.groupkt.com/country/get/iso2code/US]]>
              </value>
            </param>
          </params>
          <reporter-output>
          </reporter-output>
        </test-method> <!-- testUSA -->
        <test-method signature="testDE(java.lang.String)[pri:2, instance:Com.HelloFresh.RestAPIHelloFresh@53fe15ff]" started-at="2018-09-03T19:14:42Z" name="testDE" finished-at="2018-09-03T19:14:43Z" duration-ms="562" status="PASS">
          <params>
            <param index="0">
              <value>
                <![CDATA[http://services.groupkt.com/country/get/iso2code/DE]]>
              </value>
            </param>
          </params>
          <reporter-output>
          </reporter-output>
        </test-method> <!-- testDE -->
        <test-method signature="testGB(java.lang.String)[pri:3, instance:Com.HelloFresh.RestAPIHelloFresh@53fe15ff]" started-at="2018-09-03T19:14:43Z" name="testGB" finished-at="2018-09-03T19:14:43Z" duration-ms="573" status="PASS">
          <params>
            <param index="0">
              <value>
                <![CDATA[http://services.groupkt.com/country/get/iso2code/GB]]>
              </value>
            </param>
          </params>
          <reporter-output>
          </reporter-output>
        </test-method> <!-- testGB -->
        <test-method signature="testForPost(java.lang.String)[pri:5, instance:Com.HelloFresh.RestAPIHelloFresh@53fe15ff]" started-at="2018-09-03T19:14:43Z" name="testForPost" finished-at="2018-09-03T19:14:44Z" duration-ms="649" status="PASS">
          <params>
            <param index="0">
              <value>
                <![CDATA[http://services.groupkt.com/country/get/all]]>
              </value>
            </param>
          </params>
          <reporter-output>
          </reporter-output>
        </test-method> <!-- testForPost -->
        <test-method signature="testCountriesInList(java.lang.String)[pri:6, instance:Com.HelloFresh.RestAPIHelloFresh@53fe15ff]" started-at="2018-09-03T19:14:44Z" name="testCountriesInList" finished-at="2018-09-03T19:14:45Z" duration-ms="884" status="PASS">
          <params>
            <param index="0">
              <value>
                <![CDATA[http://services.groupkt.com/country/get/all]]>
              </value>
            </param>
          </params>
          <reporter-output>
          </reporter-output>
        </test-method> <!-- testCountriesInList -->
      </class> <!-- Com.HelloFresh.RestAPIHelloFresh -->
    </test> <!-- API Test -->
  </suite> <!-- RestAPITest Suite -->
</testng-results>
