<?xml version="1.0" encoding="UTF-8"?>
<!-- Generated by org.testng.reporters.JUnitXMLReporter -->
<testsuite ignored="0" hostname="LAPTOP-HSPQSV91" failures="0" tests="5" name="API Test" time="7.248" errors="0" timestamp="02 Sep 2018 19:15:04 GMT">
  <testcase classname="Com.HelloFresh.RestAPIHelloFresh" name="testpresenceofUSDEGB" time="4.94"/>
  <testcase classname="Com.HelloFresh.RestAPIHelloFresh" name="testUSA" time="0.534"/>
  <testcase classname="Com.HelloFresh.RestAPIHelloFresh" name="testDE" time="0.546"/>
  <testcase classname="Com.HelloFresh.RestAPIHelloFresh" name="testGB" time="0.54"/>
  <testcase classname="Com.HelloFresh.RestAPIHelloFresh" name="testForPost" time="0.645"/>
</testsuite> <!-- API Test -->
